<?xml version="1.0" encoding="UTF-8"?>
<coverage generated="1649957939964" clover="3.2.0">
  <project timestamp="1649957939965" name="All files">
    <metrics statements="17" coveredstatements="17" conditionals="8" coveredconditionals="8" methods="5" coveredmethods="5" elements="30" coveredelements="30" complexity="0" loc="17" ncloc="17" packages="1" files="2" classes="2"/>
    <file name="calculator.js" path="C:\Users\LUCAS\Documents\fabiovedova\bibilioteca-jest\scr\lib\calculator.js">
      <metrics statements="6" coveredstatements="6" conditionals="4" coveredconditionals="4" methods="1" coveredmethods="1"/>
      <line num="1" count="1" type="stmt"/>
      <line num="2" count="6" type="stmt"/>
      <line num="3" count="6" type="stmt"/>
      <line num="4" count="6" type="cond" truecount="4" falsecount="0"/>
      <line num="5" count="4" type="stmt"/>
      <line num="7" count="2" type="stmt"/>
    </file>
    <file name="queryString.js" path="C:\Users\LUCAS\Documents\fabiovedova\bibilioteca-jest\scr\lib\queryString.js">
      <metrics statements="11" coveredstatements="11" conditionals="4" coveredconditionals="4" methods="4" coveredmethods="4"/>
      <line num="1" count="1" type="stmt"/>
      <line num="2" count="3" type="stmt"/>
      <line num="4" count="8" type="cond" truecount="2" falsecount="0"/>
      <line num="5" count="2" type="stmt"/>
      <line num="7" count="6" type="stmt"/>
      <line num="11" count="1" type="stmt"/>
      <line num="12" count="3" type="stmt"/>
      <line num="14" count="5" type="stmt"/>
      <line num="15" count="5" type="cond" truecount="2" falsecount="0"/>
      <line num="16" count="1" type="stmt"/>
      <line num="18" count="5" type="stmt"/>
    </file>
  </project>
</coverage>
