<?xml version="1.0" encoding="UTF-8"?>
<coverage generated="1650038045335" clover="3.2.0">
  <project timestamp="1650038045335" name="All files">
    <metrics statements="57" coveredstatements="57" conditionals="28" coveredconditionals="27" methods="16" coveredmethods="16" elements="101" coveredelements="100" complexity="0" loc="57" ncloc="57" packages="1" files="4" classes="4"/>
    <file name="Cart.js" path="C:\Users\LUCAS\Documents\fabiovedova\bibilioteca-jest\scr\lib\Cart.js">
      <metrics statements="22" coveredstatements="22" conditionals="4" coveredconditionals="4" methods="6" coveredmethods="6"/>
      <line num="6" count="1" type="stmt"/>
      <line num="7" count="1" type="stmt"/>
      <line num="8" count="1" type="stmt"/>
      <line num="10" count="5" type="stmt"/>
      <line num="13" count="19" type="stmt"/>
      <line num="14" count="19" type="cond" truecount="2" falsecount="0"/>
      <line num="15" count="11" type="stmt"/>
      <line num="17" count="19" type="stmt"/>
      <line num="21" count="17" type="stmt"/>
      <line num="22" count="20" type="stmt"/>
      <line num="23" count="20" type="stmt"/>
      <line num="25" count="20" type="cond" truecount="2" falsecount="0"/>
      <line num="26" count="7" type="stmt"/>
      <line num="28" count="20" type="stmt"/>
      <line num="33" count="1" type="stmt"/>
      <line num="36" count="4" type="stmt"/>
      <line num="38" count="4" type="stmt"/>
      <line num="39" count="4" type="stmt"/>
      <line num="41" count="4" type="stmt"/>
      <line num="49" count="2" type="stmt"/>
      <line num="50" count="2" type="stmt"/>
      <line num="51" count="2" type="stmt"/>
    </file>
    <file name="calculator.js" path="C:\Users\LUCAS\Documents\fabiovedova\bibilioteca-jest\scr\lib\calculator.js">
      <metrics statements="5" coveredstatements="5" conditionals="4" coveredconditionals="4" methods="1" coveredmethods="1"/>
      <line num="2" count="6" type="stmt"/>
      <line num="3" count="6" type="stmt"/>
      <line num="4" count="6" type="cond" truecount="4" falsecount="0"/>
      <line num="5" count="4" type="stmt"/>
      <line num="7" count="2" type="stmt"/>
    </file>
    <file name="discount.utils.js" path="C:\Users\LUCAS\Documents\fabiovedova\bibilioteca-jest\scr\lib\discount.utils.js">
      <metrics statements="21" coveredstatements="21" conditionals="16" coveredconditionals="15" methods="5" coveredmethods="5"/>
      <line num="3" count="1" type="stmt"/>
      <line num="4" count="1" type="stmt"/>
      <line num="5" count="1" type="stmt"/>
      <line num="6" count="1" type="stmt"/>
      <line num="7" count="4" type="cond" truecount="4" falsecount="0"/>
      <line num="8" count="3" type="stmt"/>
      <line num="10" count="1" type="stmt"/>
      <line num="12" count="1" type="stmt"/>
      <line num="15" count="5" type="stmt"/>
      <line num="16" count="5" type="cond" truecount="4" falsecount="0"/>
      <line num="18" count="4" type="cond" truecount="2" falsecount="0"/>
      <line num="20" count="1" type="stmt"/>
      <line num="23" count="1" type="stmt"/>
      <line num="24" count="7" type="cond" truecount="2" falsecount="0"/>
      <line num="27" count="7" type="stmt"/>
      <line num="29" count="9" type="cond" truecount="2" falsecount="0"/>
      <line num="30" count="4" type="stmt"/>
      <line num="34" count="5" type="cond" truecount="1" falsecount="1"/>
      <line num="35" count="5" type="stmt"/>
      <line num="41" count="2" type="stmt"/>
      <line num="43" count="7" type="stmt"/>
    </file>
    <file name="queryString.js" path="C:\Users\LUCAS\Documents\fabiovedova\bibilioteca-jest\scr\lib\queryString.js">
      <metrics statements="9" coveredstatements="9" conditionals="4" coveredconditionals="4" methods="4" coveredmethods="4"/>
      <line num="2" count="3" type="stmt"/>
      <line num="4" count="8" type="cond" truecount="2" falsecount="0"/>
      <line num="5" count="2" type="stmt"/>
      <line num="7" count="6" type="stmt"/>
      <line num="13" count="3" type="stmt"/>
      <line num="15" count="5" type="stmt"/>
      <line num="16" count="5" type="cond" truecount="2" falsecount="0"/>
      <line num="17" count="1" type="stmt"/>
      <line num="19" count="5" type="stmt"/>
    </file>
  </project>
</coverage>
