{"C:\\Users\\LUCAS\\Documents\\fabiovedova\\bibilioteca-jest\\scr\\lib\\Cart.js": {"path":"C:\\Users\\LUCAS\\Documents\\fabiovedova\\bibilioteca-jest\\scr\\lib\\Cart.js","statementMap":{"0":{"start":{"line":6,"column":14},"end":{"line":6,"column":20}},"1":{"start":{"line":7,"column":0},"end":{"line":7,"column":28}},"2":{"start":{"line":8,"column":0},"end":{"line":8,"column":26}},"3":{"start":{"line":10,"column":10},"end":{"line":10,"column":12}},"4":{"start":{"line":13,"column":26},"end":{"line":13,"column":51}},"5":{"start":{"line":14,"column":4},"end":{"line":16,"column":5}},"6":{"start":{"line":15,"column":6},"end":{"line":15,"column":40}},"7":{"start":{"line":17,"column":4},"end":{"line":17,"column":26}},"8":{"start":{"line":21,"column":4},"end":{"line":29,"column":29}},"9":{"start":{"line":22,"column":21},"end":{"line":22,"column":64}},"10":{"start":{"line":23,"column":21},"end":{"line":23,"column":41}},"11":{"start":{"line":25,"column":6},"end":{"line":27,"column":7}},"12":{"start":{"line":26,"column":8},"end":{"line":26,"column":66}},"13":{"start":{"line":28,"column":6},"end":{"line":28,"column":48}},"14":{"start":{"line":33,"column":4},"end":{"line":33,"column":36}},"15":{"start":{"line":36,"column":18},"end":{"line":36,"column":33}},"16":{"start":{"line":38,"column":22},"end":{"line":38,"column":47}},"17":{"start":{"line":39,"column":18},"end":{"line":39,"column":28}},"18":{"start":{"line":41,"column":4},"end":{"line":45,"column":6}},"19":{"start":{"line":49,"column":29},"end":{"line":49,"column":43}},"20":{"start":{"line":50,"column":4},"end":{"line":50,"column":20}},"21":{"start":{"line":51,"column":4},"end":{"line":54,"column":6}}},"fnMap":{"0":{"name":"(anonymous_0)","decl":{"start":{"line":12,"column":2},"end":{"line":12,"column":3}},"loc":{"start":{"line":12,"column":12},"end":{"line":18,"column":3}},"line":12},"1":{"name":"(anonymous_1)","decl":{"start":{"line":20,"column":2},"end":{"line":20,"column":3}},"loc":{"start":{"line":20,"column":13},"end":{"line":30,"column":3}},"line":20},"2":{"name":"(anonymous_2)","decl":{"start":{"line":21,"column":29},"end":{"line":21,"column":30}},"loc":{"start":{"line":21,"column":72},"end":{"line":29,"column":5}},"line":21},"3":{"name":"(anonymous_3)","decl":{"start":{"line":32,"column":2},"end":{"line":32,"column":3}},"loc":{"start":{"line":32,"column":18},"end":{"line":34,"column":3}},"line":32},"4":{"name":"(anonymous_4)","decl":{"start":{"line":35,"column":2},"end":{"line":35,"column":3}},"loc":{"start":{"line":35,"column":12},"end":{"line":46,"column":3}},"line":35},"5":{"name":"(anonymous_5)","decl":{"start":{"line":48,"column":2},"end":{"line":48,"column":3}},"loc":{"start":{"line":48,"column":13},"end":{"line":55,"column":3}},"line":48}},"branchMap":{"0":{"loc":{"start":{"line":14,"column":4},"end":{"line":16,"column":5}},"type":"if","locations":[{"start":{"line":14,"column":4},"end":{"line":16,"column":5}},{"start":{},"end":{}}],"line":14},"1":{"loc":{"start":{"line":25,"column":6},"end":{"line":27,"column":7}},"type":"if","locations":[{"start":{"line":25,"column":6},"end":{"line":27,"column":7}},{"start":{},"end":{}}],"line":25}},"s":{"0":1,"1":1,"2":1,"3":5,"4":19,"5":19,"6":11,"7":19,"8":17,"9":20,"10":20,"11":20,"12":7,"13":20,"14":1,"15":4,"16":4,"17":4,"18":4,"19":2,"20":2,"21":2},"f":{"0":19,"1":17,"2":20,"3":1,"4":4,"5":2},"b":{"0":[11,8],"1":[7,13]},"_coverageSchema":"1a1c01bbd47fc00a2c39e90264f33305004495a9","hash":"ad3d9220316a0ccc4bfdc0f9a05ed6a136aaa449"}
,"C:\\Users\\LUCAS\\Documents\\fabiovedova\\bibilioteca-jest\\scr\\lib\\calculator.js": {"path":"C:\\Users\\LUCAS\\Documents\\fabiovedova\\bibilioteca-jest\\scr\\lib\\calculator.js","statementMap":{"0":{"start":{"line":2,"column":15},"end":{"line":2,"column":33}},"1":{"start":{"line":3,"column":15},"end":{"line":3,"column":33}},"2":{"start":{"line":4,"column":2},"end":{"line":6,"column":3}},"3":{"start":{"line":5,"column":4},"end":{"line":5,"column":47}},"4":{"start":{"line":7,"column":2},"end":{"line":7,"column":23}}},"fnMap":{"0":{"name":"sum","decl":{"start":{"line":1,"column":16},"end":{"line":1,"column":19}},"loc":{"start":{"line":1,"column":32},"end":{"line":8,"column":1}},"line":1}},"branchMap":{"0":{"loc":{"start":{"line":4,"column":2},"end":{"line":6,"column":3}},"type":"if","locations":[{"start":{"line":4,"column":2},"end":{"line":6,"column":3}},{"start":{},"end":{}}],"line":4},"1":{"loc":{"start":{"line":4,"column":6},"end":{"line":4,"column":46}},"type":"binary-expr","locations":[{"start":{"line":4,"column":6},"end":{"line":4,"column":24}},{"start":{"line":4,"column":28},"end":{"line":4,"column":46}}],"line":4}},"s":{"0":6,"1":6,"2":6,"3":4,"4":2},"f":{"0":6},"b":{"0":[4,2],"1":[6,3]},"_coverageSchema":"1a1c01bbd47fc00a2c39e90264f33305004495a9","hash":"56c88dbe0d685b7105b93da72a925dd7c9e6cded"}
,"C:\\Users\\LUCAS\\Documents\\fabiovedova\\bibilioteca-jest\\scr\\lib\\discount.utils.js": {"path":"C:\\Users\\LUCAS\\Documents\\fabiovedova\\bibilioteca-jest\\scr\\lib\\discount.utils.js","statementMap":{"0":{"start":{"line":3,"column":14},"end":{"line":3,"column":20}},"1":{"start":{"line":4,"column":0},"end":{"line":4,"column":28}},"2":{"start":{"line":5,"column":0},"end":{"line":5,"column":26}},"3":{"start":{"line":6,"column":36},"end":{"line":11,"column":1}},"4":{"start":{"line":7,"column":2},"end":{"line":9,"column":3}},"5":{"start":{"line":8,"column":4},"end":{"line":8,"column":51}},"6":{"start":{"line":10,"column":2},"end":{"line":10,"column":30}},"7":{"start":{"line":12,"column":34},"end":{"line":21,"column":1}},"8":{"start":{"line":15,"column":17},"end":{"line":15,"column":35}},"9":{"start":{"line":16,"column":2},"end":{"line":19,"column":3}},"10":{"start":{"line":18,"column":4},"end":{"line":18,"column":47}},"11":{"start":{"line":20,"column":2},"end":{"line":20,"column":30}},"12":{"start":{"line":23,"column":33},"end":{"line":44,"column":1}},"13":{"start":{"line":24,"column":15},"end":{"line":24,"column":65}},"14":{"start":{"line":27,"column":27},"end":{"line":41,"column":26}},"15":{"start":{"line":29,"column":6},"end":{"line":39,"column":7}},"16":{"start":{"line":30,"column":8},"end":{"line":33,"column":23}},"17":{"start":{"line":34,"column":13},"end":{"line":39,"column":7}},"18":{"start":{"line":35,"column":8},"end":{"line":38,"column":23}},"19":{"start":{"line":41,"column":20},"end":{"line":41,"column":25}},"20":{"start":{"line":43,"column":2},"end":{"line":43,"column":43}}},"fnMap":{"0":{"name":"(anonymous_0)","decl":{"start":{"line":6,"column":36},"end":{"line":6,"column":37}},"loc":{"start":{"line":6,"column":73},"end":{"line":11,"column":1}},"line":6},"1":{"name":"(anonymous_1)","decl":{"start":{"line":12,"column":34},"end":{"line":12,"column":35}},"loc":{"start":{"line":12,"column":71},"end":{"line":21,"column":1}},"line":12},"2":{"name":"(anonymous_2)","decl":{"start":{"line":23,"column":33},"end":{"line":23,"column":34}},"loc":{"start":{"line":23,"column":66},"end":{"line":44,"column":1}},"line":23},"3":{"name":"(anonymous_3)","decl":{"start":{"line":28,"column":9},"end":{"line":28,"column":10}},"loc":{"start":{"line":28,"column":19},"end":{"line":40,"column":5}},"line":28},"4":{"name":"(anonymous_4)","decl":{"start":{"line":41,"column":10},"end":{"line":41,"column":11}},"loc":{"start":{"line":41,"column":20},"end":{"line":41,"column":25}},"line":41}},"branchMap":{"0":{"loc":{"start":{"line":7,"column":2},"end":{"line":9,"column":3}},"type":"if","locations":[{"start":{"line":7,"column":2},"end":{"line":9,"column":3}},{"start":{},"end":{}}],"line":7},"1":{"loc":{"start":{"line":7,"column":6},"end":{"line":7,"column":59}},"type":"binary-expr","locations":[{"start":{"line":7,"column":6},"end":{"line":7,"column":27}},{"start":{"line":7,"column":31},"end":{"line":7,"column":59}}],"line":7},"2":{"loc":{"start":{"line":16,"column":2},"end":{"line":19,"column":3}},"type":"if","locations":[{"start":{"line":16,"column":2},"end":{"line":19,"column":3}},{"start":{},"end":{}}],"line":16},"3":{"loc":{"start":{"line":16,"column":6},"end":{"line":16,"column":58}},"type":"binary-expr","locations":[{"start":{"line":16,"column":6},"end":{"line":16,"column":25}},{"start":{"line":16,"column":29},"end":{"line":16,"column":58}}],"line":16},"4":{"loc":{"start":{"line":18,"column":29},"end":{"line":18,"column":45}},"type":"cond-expr","locations":[{"start":{"line":18,"column":38},"end":{"line":18,"column":40}},{"start":{"line":18,"column":43},"end":{"line":18,"column":45}}],"line":18},"5":{"loc":{"start":{"line":24,"column":15},"end":{"line":24,"column":65}},"type":"cond-expr","locations":[{"start":{"line":24,"column":42},"end":{"line":24,"column":51}},{"start":{"line":24,"column":54},"end":{"line":24,"column":65}}],"line":24},"6":{"loc":{"start":{"line":29,"column":6},"end":{"line":39,"column":7}},"type":"if","locations":[{"start":{"line":29,"column":6},"end":{"line":39,"column":7}},{"start":{"line":34,"column":13},"end":{"line":39,"column":7}}],"line":29},"7":{"loc":{"start":{"line":34,"column":13},"end":{"line":39,"column":7}},"type":"if","locations":[{"start":{"line":34,"column":13},"end":{"line":39,"column":7}},{"start":{},"end":{}}],"line":34}},"s":{"0":1,"1":1,"2":1,"3":1,"4":4,"5":3,"6":1,"7":1,"8":5,"9":5,"10":4,"11":1,"12":1,"13":7,"14":7,"15":9,"16":4,"17":5,"18":5,"19":2,"20":7},"f":{"0":4,"1":5,"2":7,"3":9,"4":2},"b":{"0":[3,1],"1":[4,4],"2":[4,1],"3":[5,5],"4":[1,3],"5":[2,5],"6":[4,5],"7":[5,0]},"_coverageSchema":"1a1c01bbd47fc00a2c39e90264f33305004495a9","hash":"ab36c41832b5662c1e63f9f7c2506464d9cd79cb"}
,"C:\\Users\\LUCAS\\Documents\\fabiovedova\\bibilioteca-jest\\scr\\lib\\queryString.js": {"path":"C:\\Users\\LUCAS\\Documents\\fabiovedova\\bibilioteca-jest\\scr\\lib\\queryString.js","statementMap":{"0":{"start":{"line":2,"column":2},"end":{"line":9,"column":15}},"1":{"start":{"line":4,"column":6},"end":{"line":6,"column":7}},"2":{"start":{"line":5,"column":8},"end":{"line":5,"column":46}},"3":{"start":{"line":7,"column":6},"end":{"line":7,"column":34}},"4":{"start":{"line":13,"column":2},"end":{"line":21,"column":4}},"5":{"start":{"line":15,"column":25},"end":{"line":15,"column":40}},"6":{"start":{"line":16,"column":6},"end":{"line":18,"column":7}},"7":{"start":{"line":17,"column":8},"end":{"line":17,"column":33}},"8":{"start":{"line":19,"column":6},"end":{"line":19,"column":26}}},"fnMap":{"0":{"name":"queryString","decl":{"start":{"line":1,"column":16},"end":{"line":1,"column":27}},"loc":{"start":{"line":1,"column":33},"end":{"line":10,"column":1}},"line":1},"1":{"name":"(anonymous_1)","decl":{"start":{"line":3,"column":9},"end":{"line":3,"column":10}},"loc":{"start":{"line":3,"column":18},"end":{"line":8,"column":5}},"line":3},"2":{"name":"parse","decl":{"start":{"line":12,"column":16},"end":{"line":12,"column":21}},"loc":{"start":{"line":12,"column":30},"end":{"line":22,"column":1}},"line":12},"3":{"name":"(anonymous_3)","decl":{"start":{"line":14,"column":26},"end":{"line":14,"column":27}},"loc":{"start":{"line":14,"column":36},"end":{"line":20,"column":5}},"line":14}},"branchMap":{"0":{"loc":{"start":{"line":4,"column":6},"end":{"line":6,"column":7}},"type":"if","locations":[{"start":{"line":4,"column":6},"end":{"line":6,"column":7}},{"start":{},"end":{}}],"line":4},"1":{"loc":{"start":{"line":16,"column":6},"end":{"line":18,"column":7}},"type":"if","locations":[{"start":{"line":16,"column":6},"end":{"line":18,"column":7}},{"start":{},"end":{}}],"line":16}},"s":{"0":3,"1":8,"2":2,"3":6,"4":3,"5":5,"6":5,"7":1,"8":5},"f":{"0":3,"1":8,"2":3,"3":5},"b":{"0":[2,6],"1":[1,4]},"_coverageSchema":"1a1c01bbd47fc00a2c39e90264f33305004495a9","hash":"f0fe026957b009b60ef6eb96d47d2ed2cc18ebcf"}
}
