TN:
SF:scr\lib\Cart.js
FN:12,(anonymous_0)
FN:20,(anonymous_1)
FN:21,(anonymous_2)
FN:32,(anonymous_3)
FN:35,(anonymous_4)
FN:48,(anonymous_5)
FNF:6
FNH:6
FNDA:19,(anonymous_0)
FNDA:17,(anonymous_1)
FNDA:20,(anonymous_2)
FNDA:1,(anonymous_3)
FNDA:4,(anonymous_4)
FNDA:2,(anonymous_5)
DA:6,1
DA:7,1
DA:8,1
DA:10,5
DA:13,19
DA:14,19
DA:15,11
DA:17,19
DA:21,17
DA:22,20
DA:23,20
DA:25,20
DA:26,7
DA:28,20
DA:33,1
DA:36,4
DA:38,4
DA:39,4
DA:41,4
DA:49,2
DA:50,2
DA:51,2
LF:22
LH:22
BRDA:14,0,0,11
BRDA:14,0,1,8
BRDA:25,1,0,7
BRDA:25,1,1,13
BRF:4
BRH:4
end_of_record
TN:
SF:scr\lib\calculator.js
FN:1,sum
FNF:1
FNH:1
FNDA:6,sum
DA:2,6
DA:3,6
DA:4,6
DA:5,4
DA:7,2
LF:5
LH:5
BRDA:4,0,0,4
BRDA:4,0,1,2
BRDA:4,1,0,6
BRDA:4,1,1,3
BRF:4
BRH:4
end_of_record
TN:
SF:scr\lib\discount.utils.js
FN:6,(anonymous_0)
FN:12,(anonymous_1)
FN:23,(anonymous_2)
FN:28,(anonymous_3)
FN:41,(anonymous_4)
FNF:5
FNH:5
FNDA:4,(anonymous_0)
FNDA:5,(anonymous_1)
FNDA:7,(anonymous_2)
FNDA:9,(anonymous_3)
FNDA:2,(anonymous_4)
DA:3,1
DA:4,1
DA:5,1
DA:6,1
DA:7,4
DA:8,3
DA:10,1
DA:12,1
DA:15,5
DA:16,5
DA:18,4
DA:20,1
DA:23,1
DA:24,7
DA:27,7
DA:29,9
DA:30,4
DA:34,5
DA:35,5
DA:41,2
DA:43,7
LF:21
LH:21
BRDA:7,0,0,3
BRDA:7,0,1,1
BRDA:7,1,0,4
BRDA:7,1,1,4
BRDA:16,2,0,4
BRDA:16,2,1,1
BRDA:16,3,0,5
BRDA:16,3,1,5
BRDA:18,4,0,1
BRDA:18,4,1,3
BRDA:24,5,0,2
BRDA:24,5,1,5
BRDA:29,6,0,4
BRDA:29,6,1,5
BRDA:34,7,0,5
BRDA:34,7,1,0
BRF:16
BRH:15
end_of_record
TN:
SF:scr\lib\queryString.js
FN:1,queryString
FN:3,(anonymous_1)
FN:12,parse
FN:14,(anonymous_3)
FNF:4
FNH:4
FNDA:3,queryString
FNDA:8,(anonymous_1)
FNDA:3,parse
FNDA:5,(anonymous_3)
DA:2,3
DA:4,8
DA:5,2
DA:7,6
DA:13,3
DA:15,5
DA:16,5
DA:17,1
DA:19,5
LF:9
LH:9
BRDA:4,0,0,2
BRDA:4,0,1,6
BRDA:16,1,0,1
BRDA:16,1,1,4
BRF:4
BRH:4
end_of_record
